[11:10:05] [Server thread/INFO]: Starting minecraft server version 1.8.8
[11:10:05] [Server thread/INFO]: Loading properties
[11:10:05] [Server thread/INFO]: Default game type: SURVIVAL
[11:10:05] [Server thread/INFO]: This server is running CraftBukkit version git-PaperSpigot-445 (MC: 1.8.8) (Implementing API version 1.8.8-R0.1-SNAPSHOT)
[11:10:05] [Server thread/INFO]: Debug logging is disabled
[11:10:05] [Server thread/INFO]: Spigot Timings: true - Verbose: true - Interval: 5m - Length: 60m
[11:10:05] [Server thread/INFO]: Server Ping Player Sample Count: 12

[11:10:05] [Server thread/INFO]: Using 4 threads for Netty based IO
[11:10:05] [Server thread/INFO]: Data value allowed items: 
[11:10:05] [Server thread/WARN]: java.lang.NoSuchFieldException: modifiers

[11:10:05] [Server thread/WARN]: 	at java.base/java.lang.Class.getDeclaredField(Class.java:2782)

[11:10:05] [Server thread/WARN]: 	at org.github.paperspigot.PaperSpigotConfig.stackableBuckets(PaperSpigotConfig.java:192)

[11:10:05] [Server thread/WARN]: 	at java.base/jdk.internal.reflect.DirectMethodHandleAccessor.invoke(DirectMethodHandleAccessor.java:103)

[11:10:05] [Server thread/WARN]: 	at java.base/java.lang.reflect.Method.invoke(Method.java:580)

[11:10:05] [Server thread/WARN]: 	at org.github.paperspigot.PaperSpigotConfig.readConfig(PaperSpigotConfig.java:84)

[11:10:05] [Server thread/WARN]: 	at org.github.paperspigot.PaperSpigotConfig.init(PaperSpigotConfig.java:62)

[11:10:05] [Server thread/WARN]: 	at net.minecraft.server.v1_8_R3.DedicatedServer.init(DedicatedServer.java:181)

[11:10:05] [Server thread/WARN]: 	at net.minecraft.server.v1_8_R3.MinecraftServer.run(MinecraftServer.java:563)

[11:10:05] [Server thread/WARN]: 	at java.base/java.lang.Thread.run(Thread.java:1583)

[11:10:05] [Server thread/INFO]: Generating keypair
[11:10:05] [Server thread/INFO]: Starting Minecraft server on localhost:25565
[11:10:05] [Server thread/INFO]: Your platform does not provide complete low-level API for accessing direct buffers reliably. Unless explicitly requested, heap buffer will always be preferred to avoid potential system unstability.
[11:10:05] [Server thread/INFO]: Using default channel type
[11:10:05] [Server thread/INFO]: Set PluginClassLoader as parallel capable
[11:10:05] [Server thread/INFO]: [SimpleTpa] Loading SimpleTpa v7.3
[11:10:05] [Server thread/INFO]: [SimpleHomes] Loading SimpleHomes v2.0.4
[11:10:05] [Server thread/INFO]: [Chairs] Loading Chairs v4.9
[11:10:05] [Server thread/WARN]: **** SERVER IS RUNNING IN OFFLINE/INSECURE MODE!
[11:10:05] [Server thread/WARN]: The server will make no attempt to authenticate usernames. Beware.
[11:10:05] [Server thread/WARN]: Whilst this makes it possible to use BungeeCord, unless access to your server is properly restricted, it also opens up the ability for hackers to connect with any username they choose.
[11:10:05] [Server thread/WARN]: Please see http://www.spigotmc.org/wiki/firewall-guide/ for further information.
[11:10:05] [Server thread/WARN]: To change this, set "online-mode" to "true" in the server.properties file.
[11:10:05] [Server thread/INFO]: **** Beginning UUID conversion, this may take A LONG time ****
[11:10:05] [Server thread/INFO]: Preparing level "world"
[11:10:05] [Server thread/INFO]: -------- World Settings For [world] --------
[11:10:05] [Server thread/INFO]: Mob Spawn Range: 4
[11:10:05] [Server thread/INFO]: Anti X-Ray: true
[11:10:05] [Server thread/INFO]: 	Engine Mode: 1
[11:10:05] [Server thread/INFO]: 	Hidden Blocks: [14, 15, 16, 21, 48, 49, 54, 56, 73, 74, 82, 129, 130]
[11:10:05] [Server thread/INFO]: 	Replace Blocks: [1, 5]
[11:10:05] [Server thread/INFO]: Nerfing mobs spawned from spawners: false
[11:10:05] [Server thread/INFO]: Cactus Growth Modifier: 100%
[11:10:05] [Server thread/INFO]: Cane Growth Modifier: 100%
[11:10:05] [Server thread/INFO]: Melon Growth Modifier: 100%
[11:10:05] [Server thread/INFO]: Mushroom Growth Modifier: 100%
[11:10:05] [Server thread/INFO]: Pumpkin Growth Modifier: 100%
[11:10:05] [Server thread/INFO]: Sapling Growth Modifier: 100%
[11:10:05] [Server thread/INFO]: Wheat Growth Modifier: 100%
[11:10:05] [Server thread/INFO]: NetherWart Growth Modifier: 100%
[11:10:05] [Server thread/INFO]: Entity Activation Range: An 32 / Mo 32 / Mi 16
[11:10:05] [Server thread/INFO]: Entity Tracking Range: Pl 48 / An 48 / Mo 48 / Mi 32 / Other 64
[11:10:05] [Server thread/INFO]: Hopper Transfer: 8 Hopper Check: 8 Hopper Amount: 1
[11:10:05] [Server thread/INFO]: Random Lighting Updates: false
[11:10:05] [Server thread/INFO]: Structure Info Saving: true
[11:10:05] [Server thread/INFO]: Sending up to 10 chunks per packet
[11:10:05] [Server thread/INFO]: Max Entity Collisions: 8
[11:10:05] [Server thread/INFO]: Custom Map Seeds:  Village: 10387312 Feature: 14357617
[11:10:05] [Server thread/INFO]: Max TNT Explosions: 100
[11:10:05] [Server thread/INFO]: Tile Max Tick Time: 50ms Entity max Tick Time: 50ms
[11:10:05] [Server thread/INFO]: Item Despawn Rate: 6000
[11:10:05] [Server thread/INFO]: Item Merge Radius: 2.5
[11:10:05] [Server thread/INFO]: Arrow Despawn Rate: 1200
[11:10:05] [Server thread/INFO]: Allow Zombie Pigmen to spawn from portal blocks: true
[11:10:05] [Server thread/INFO]: View Distance: 4
[11:10:05] [Server thread/INFO]: Zombie Aggressive Towards Villager: true
[11:10:05] [Server thread/INFO]: Chunks to Grow per Tick: 650
[11:10:05] [Server thread/INFO]: Clear tick list: false
[11:10:05] [Server thread/INFO]: Experience Merge Radius: 3.0
[11:10:05] [Server thread/INFO]: -------- World Settings For [world] --------
[11:10:05] [Server thread/INFO]: Squids will spawn between Y: 45.0 and Y: 63.0
[11:10:05] [Server thread/INFO]: Max height for cactus growth 3. Max height for reed growth 3
[11:10:05] [Server thread/INFO]: Living Entity Despawn Ranges:  Soft: 32 Hard: 128
[11:10:05] [Server thread/INFO]: Player blocking damage multiplier set to 0.5
[11:10:05] [Server thread/INFO]: Remove invalid mob spawner tile entities: true
[11:10:05] [Server thread/INFO]: Water over lava flow speed: 5
[11:10:05] [Server thread/INFO]: Fix TNT cannons: false
[11:10:05] [Server thread/INFO]: Allow undead horse types to be leashed: false
[11:10:05] [Server thread/INFO]: Keep spawn chunk loaded: true
[11:10:05] [Server thread/INFO]: World async lighting: false
[11:10:05] [Server thread/INFO]: WorldServer TickNextTick cap set at 10000
[11:10:05] [Server thread/INFO]: WorldServer TickNextTickList cap always processes redstone: false
[11:10:06] [Server thread/INFO]: -------- World Settings For [world_nether] --------
[11:10:06] [Server thread/INFO]: Mob Spawn Range: 4
[11:10:06] [Server thread/INFO]: Anti X-Ray: true
[11:10:06] [Server thread/INFO]: 	Engine Mode: 1
[11:10:06] [Server thread/INFO]: 	Hidden Blocks: [14, 15, 16, 21, 48, 49, 54, 56, 73, 74, 82, 129, 130]
[11:10:06] [Server thread/INFO]: 	Replace Blocks: [1, 5]
[11:10:06] [Server thread/INFO]: Nerfing mobs spawned from spawners: false
[11:10:06] [Server thread/INFO]: Cactus Growth Modifier: 100%
[11:10:06] [Server thread/INFO]: Cane Growth Modifier: 100%
[11:10:06] [Server thread/INFO]: Melon Growth Modifier: 100%
[11:10:06] [Server thread/INFO]: Mushroom Growth Modifier: 100%
[11:10:06] [Server thread/INFO]: Pumpkin Growth Modifier: 100%
[11:10:06] [Server thread/INFO]: Sapling Growth Modifier: 100%
[11:10:06] [Server thread/INFO]: Wheat Growth Modifier: 100%
[11:10:06] [Server thread/INFO]: NetherWart Growth Modifier: 100%
[11:10:06] [Server thread/INFO]: Entity Activation Range: An 32 / Mo 32 / Mi 16
[11:10:06] [Server thread/INFO]: Entity Tracking Range: Pl 48 / An 48 / Mo 48 / Mi 32 / Other 64
[11:10:06] [Server thread/INFO]: Hopper Transfer: 8 Hopper Check: 8 Hopper Amount: 1
[11:10:06] [Server thread/INFO]: Random Lighting Updates: false
[11:10:06] [Server thread/INFO]: Structure Info Saving: true
[11:10:06] [Server thread/INFO]: Sending up to 10 chunks per packet
[11:10:06] [Server thread/INFO]: Max Entity Collisions: 8
[11:10:06] [Server thread/INFO]: Custom Map Seeds:  Village: 10387312 Feature: 14357617
[11:10:06] [Server thread/INFO]: Max TNT Explosions: 100
[11:10:06] [Server thread/INFO]: Tile Max Tick Time: 50ms Entity max Tick Time: 50ms
[11:10:06] [Server thread/INFO]: Item Despawn Rate: 6000
[11:10:06] [Server thread/INFO]: Item Merge Radius: 2.5
[11:10:06] [Server thread/INFO]: Arrow Despawn Rate: 1200
[11:10:06] [Server thread/INFO]: Allow Zombie Pigmen to spawn from portal blocks: true
[11:10:06] [Server thread/INFO]: View Distance: 4
[11:10:06] [Server thread/INFO]: Zombie Aggressive Towards Villager: true
[11:10:06] [Server thread/INFO]: Chunks to Grow per Tick: 650
[11:10:06] [Server thread/INFO]: Clear tick list: false
[11:10:06] [Server thread/INFO]: Experience Merge Radius: 3.0
[11:10:06] [Server thread/INFO]: -------- World Settings For [world_nether] --------
[11:10:06] [Server thread/INFO]: Squids will spawn between Y: 45.0 and Y: 63.0
[11:10:06] [Server thread/INFO]: Max height for cactus growth 3. Max height for reed growth 3
[11:10:06] [Server thread/INFO]: Living Entity Despawn Ranges:  Soft: 32 Hard: 128
[11:10:06] [Server thread/INFO]: Player blocking damage multiplier set to 0.5
[11:10:06] [Server thread/INFO]: Remove invalid mob spawner tile entities: true
[11:10:06] [Server thread/INFO]: Water over lava flow speed: 5
[11:10:06] [Server thread/INFO]: Fix TNT cannons: false
[11:10:06] [Server thread/INFO]: Allow undead horse types to be leashed: false
[11:10:06] [Server thread/INFO]: Keep spawn chunk loaded: true
[11:10:06] [Server thread/INFO]: World async lighting: false
[11:10:06] [Server thread/INFO]: WorldServer TickNextTick cap set at 10000
[11:10:06] [Server thread/INFO]: WorldServer TickNextTickList cap always processes redstone: false
[11:10:06] [Server thread/INFO]: -------- World Settings For [world_the_end] --------
[11:10:06] [Server thread/INFO]: Mob Spawn Range: 4
[11:10:06] [Server thread/INFO]: Anti X-Ray: true
[11:10:06] [Server thread/INFO]: 	Engine Mode: 1
[11:10:06] [Server thread/INFO]: 	Hidden Blocks: [14, 15, 16, 21, 48, 49, 54, 56, 73, 74, 82, 129, 130]
[11:10:06] [Server thread/INFO]: 	Replace Blocks: [1, 5]
[11:10:06] [Server thread/INFO]: Nerfing mobs spawned from spawners: false
[11:10:06] [Server thread/INFO]: Cactus Growth Modifier: 100%
[11:10:06] [Server thread/INFO]: Cane Growth Modifier: 100%
[11:10:06] [Server thread/INFO]: Melon Growth Modifier: 100%
[11:10:06] [Server thread/INFO]: Mushroom Growth Modifier: 100%
[11:10:06] [Server thread/INFO]: Pumpkin Growth Modifier: 100%
[11:10:06] [Server thread/INFO]: Sapling Growth Modifier: 100%
[11:10:06] [Server thread/INFO]: Wheat Growth Modifier: 100%
[11:10:06] [Server thread/INFO]: NetherWart Growth Modifier: 100%
[11:10:06] [Server thread/INFO]: Entity Activation Range: An 32 / Mo 32 / Mi 16
[11:10:06] [Server thread/INFO]: Entity Tracking Range: Pl 48 / An 48 / Mo 48 / Mi 32 / Other 64
[11:10:06] [Server thread/INFO]: Hopper Transfer: 8 Hopper Check: 8 Hopper Amount: 1
[11:10:06] [Server thread/INFO]: Random Lighting Updates: false
[11:10:06] [Server thread/INFO]: Structure Info Saving: true
[11:10:06] [Server thread/INFO]: Sending up to 10 chunks per packet
[11:10:06] [Server thread/INFO]: Max Entity Collisions: 8
[11:10:06] [Server thread/INFO]: Custom Map Seeds:  Village: 10387312 Feature: 14357617
[11:10:06] [Server thread/INFO]: Max TNT Explosions: 100
[11:10:06] [Server thread/INFO]: Tile Max Tick Time: 50ms Entity max Tick Time: 50ms
[11:10:06] [Server thread/INFO]: Item Despawn Rate: 6000
[11:10:06] [Server thread/INFO]: Item Merge Radius: 2.5
[11:10:06] [Server thread/INFO]: Arrow Despawn Rate: 1200
[11:10:06] [Server thread/INFO]: Allow Zombie Pigmen to spawn from portal blocks: true
[11:10:06] [Server thread/INFO]: View Distance: 4
[11:10:06] [Server thread/INFO]: Zombie Aggressive Towards Villager: true
[11:10:06] [Server thread/INFO]: Chunks to Grow per Tick: 650
[11:10:06] [Server thread/INFO]: Clear tick list: false
[11:10:06] [Server thread/INFO]: Experience Merge Radius: 3.0
[11:10:06] [Server thread/INFO]: -------- World Settings For [world_the_end] --------
[11:10:06] [Server thread/INFO]: Squids will spawn between Y: 45.0 and Y: 63.0
[11:10:06] [Server thread/INFO]: Max height for cactus growth 3. Max height for reed growth 3
[11:10:06] [Server thread/INFO]: Living Entity Despawn Ranges:  Soft: 32 Hard: 128
[11:10:06] [Server thread/INFO]: Player blocking damage multiplier set to 0.5
[11:10:06] [Server thread/INFO]: Remove invalid mob spawner tile entities: true
[11:10:06] [Server thread/INFO]: Water over lava flow speed: 5
[11:10:06] [Server thread/INFO]: Fix TNT cannons: false
[11:10:06] [Server thread/INFO]: Allow undead horse types to be leashed: false
[11:10:06] [Server thread/INFO]: Keep spawn chunk loaded: true
[11:10:06] [Server thread/INFO]: World async lighting: false
[11:10:06] [Server thread/INFO]: WorldServer TickNextTick cap set at 10000
[11:10:06] [Server thread/INFO]: WorldServer TickNextTickList cap always processes redstone: false
[11:10:06] [Server thread/INFO]: Preparing start region for level 0 (Seed: -9167473943247325040)
[11:10:07] [Server thread/INFO]: Preparing spawn area: 69%
[11:10:07] [Thread-5/INFO]: UUID of player EpicCraft is 7ae78726-6d9f-3118-8a0d-703b8733033a
[11:10:07] [Server thread/INFO]: Preparing start region for level 1 (Seed: -9167473943247325040)
[11:10:08] [Server thread/INFO]: Preparing start region for level 2 (Seed: -9167473943247325040)
[11:10:08] [Server thread/INFO]: [SimpleTpa] Enabling SimpleTpa v7.3
[11:10:08] [Server thread/INFO]: [0;33;1m[21m[SimpleTpa] If you need support contact me at https://discord.gg/SZUkza9[m

[11:10:08] [Server thread/INFO]: [0;33;1m[21m[SimpleTpa] Simple Tpa has been enabled on version 7.3[m

[11:10:08] [Server thread/INFO]: Enabled metrics. You may opt-out by changing plugins/bStats/config.yml
[11:10:08] [Server thread/INFO]: [SimpleHomes] Enabling SimpleHomes v2.0.4
[11:10:08] [Server thread/INFO]: [SimpleHomes] AutoUpdater Enabled: Notify
[11:10:09] [Server thread/INFO]: [SimpleHomes] No update found.
[11:10:09] [Server thread/INFO]: [SimpleHomes] SimpleHomes Enabled!
[11:10:09] [Server thread/INFO]: [Chairs] Enabling Chairs v4.9
[11:10:09] [Server thread/INFO]: [Chairs] Allowed block: WOOD_STAIRS => 0.7
[11:10:09] [Thread-8/INFO]: UUID of player YeeishYeer9271 is 046b094c-0036-3c54-a8e0-9593a65da884
[11:10:09] [Server thread/INFO]: [Chairs] Allowed block: SPRUCE_WOOD_STAIRS => 0.7
[11:10:09] [Server thread/INFO]: [Chairs] Allowed block: JUNGLE_WOOD_STAIRS => 0.7
[11:10:09] [Server thread/INFO]: [Chairs] Allowed block: BIRCH_WOOD_STAIRS => 0.7
[11:10:09] [Server thread/INFO]: [Chairs] Allowed block: SANDSTONE_STAIRS => 0.7
[11:10:09] [Server thread/INFO]: [Chairs] Allowed block: COBBLESTONE_STAIRS => 0.7
[11:10:09] [Server thread/INFO]: [Chairs] Allowed block: BRICK_STAIRS => 0.7
[11:10:09] [Server thread/INFO]: [Chairs] Allowed block: SMOOTH_STAIRS => 0.7
[11:10:09] [Server thread/INFO]: [Chairs] Allowed block: NETHER_BRICK_STAIRS => 0.7
[11:10:09] [Server thread/INFO]: [Chairs] Allowed block: QUARTZ_STAIRS => 0.7
[11:10:09] [Server thread/INFO]: [Chairs] Allowed block: ACACIA_STAIRS => 0.7
[11:10:09] [Server thread/INFO]: [Chairs] Allowed block: DARK_OAK_STAIRS => 0.7
[11:10:09] [Server thread/INFO]: [Chairs] Allowed block: RED_SANDSTONE_STAIRS => 0.7
[11:10:09] [Server thread/INFO]: Server permissions file permissions.yml is empty, ignoring it
[11:10:09] [Server thread/INFO]: Done (3.353s)! For help, type "help" or "?"
[11:10:09] [Server thread/INFO]: Timings Reset
[11:10:09] [Server thread/INFO]: EpicCraft[/[0:0:0:0:0:0:0:1]:46082] logged in with entity id 206 at ([world]-241.91010250253885, 65.0, 553.4683512829905)
[11:10:09] [Server thread/INFO]: YeeishYeer9271[/[0:0:0:0:0:0:0:1]:46094] logged in with entity id 207 at ([world]-240.07844873417534, 62.53584062504456, 594.0196434753706)
[11:10:32] [Async Chat Thread - #0/INFO]: <EpicCraft> chairs[m

[11:11:06] [Async Chat Thread - #0/INFO]: <YeeishYeer9271> bro i am lagging[m

[11:11:16] [Async Chat Thread - #0/INFO]: <EpicCraft> blame the chairs[m

[11:11:30] [Async Chat Thread - #0/INFO]: <YeeishYeer9271> help me[m

[11:11:40] [Async Chat Thread - #0/INFO]: <YeeishYeer9271> thanks[m

[11:12:53] [Async Chat Thread - #1/INFO]: <EpicCraft> it felt satisfying that the plugin work[m

[11:13:32] [Async Chat Thread - #1/INFO]: <EpicCraft> theres a furnace[m

[11:13:57] [Async Chat Thread - #1/INFO]: <YeeishYeer9271> do u have food[m

[11:14:18] [Async Chat Thread - #1/INFO]: <YeeishYeer9271> thanks[m

[11:14:21] [Server thread/INFO]: YeeishYeer9271 has just earned the achievement [Acquire Hardware]
[11:14:56] [Async Chat Thread - #1/INFO]: <YeeishYeer9271> your dog is outside[m

[11:17:57] [Async Chat Thread - #2/INFO]: <EpicCraft> its fine[m

[11:18:06] [Async Chat Thread - #2/INFO]: <YeeishYeer9271> ?[m

[11:18:35] [Async Chat Thread - #2/INFO]: <EpicCraft> hm[m

[11:18:43] [Async Chat Thread - #2/INFO]: <YeeishYeer9271> ?[m

[11:19:14] [Async Chat Thread - #2/INFO]: <EpicCraft> i cast[m

[11:19:25] [Async Chat Thread - #2/INFO]: <YeeishYeer9271> what happened[m

[11:19:36] [Server thread/INFO]: [Server] Shutting down server, cuz im cool
[11:19:37] [Thread-2/INFO]: Stopping server
