[04:54:26] [main/INFO]: Using mbed TLS based native cipher.
[04:54:26] [main/INFO]: Using zlib based native compressor.
[04:54:26] [main/INFO]: Enabled Waterfall version git:Waterfall-Bootstrap:1.21-R0.1-SNAPSHOT:de8345a:579
[04:54:26] [main/WARN]: Waterfall has reached end of life and is no longer maintained. We recommend you transition to Velocity (https://papermc.io/software/velocity). For more information, see the announcement (https://forums.papermc.io/threads/1088/).
[04:54:26] [main/INFO]: Not on Windows, attempting to use enhanced EpollEventLoop
[04:54:26] [main/INFO]: Epoll is working, utilising it!
[04:54:27] [main/INFO]: Discovered module: ModuleSpec(name=cmd_alert, file=modules/cmd_alert.jar, provider=JenkinsModuleSource())
[04:54:27] [main/INFO]: Discovered module: ModuleSpec(name=cmd_find, file=modules/cmd_find.jar, provider=JenkinsModuleSource())
[04:54:27] [main/INFO]: Discovered module: ModuleSpec(name=cmd_list, file=modules/cmd_list.jar, provider=JenkinsModuleSource())
[04:54:27] [main/INFO]: Discovered module: ModuleSpec(name=cmd_send, file=modules/cmd_send.jar, provider=JenkinsModuleSource())
[04:54:27] [main/INFO]: Discovered module: ModuleSpec(name=cmd_server, file=modules/cmd_server.jar, provider=JenkinsModuleSource())
[04:54:27] [main/INFO]: Discovered module: ModuleSpec(name=reconnect_yaml, file=modules/reconnect_yaml.jar, provider=JenkinsModuleSource())
[04:54:27] [main/INFO]: Loaded plugin reconnect_yaml version git:reconnect_yaml:1.21-R0.1-SNAPSHOT:de8345a:579 by WaterfallMC
[04:54:27] [main/INFO]: Loaded plugin cmd_find version git:cmd_find:1.21-R0.1-SNAPSHOT:de8345a:579 by WaterfallMC
[04:54:27] [main/INFO]: Loaded plugin cmd_server version git:cmd_server:1.21-R0.1-SNAPSHOT:de8345a:579 by WaterfallMC
[04:54:27] [main/INFO]: Loaded plugin cmd_alert version git:cmd_alert:1.21-R0.1-SNAPSHOT:de8345a:579 by WaterfallMC
[04:54:27] [main/INFO]: Loaded plugin cmd_send version git:cmd_send:1.21-R0.1-SNAPSHOT:de8345a:579 by WaterfallMC
[04:54:27] [main/INFO]: Loaded plugin cmd_list version git:cmd_list:1.21-R0.1-SNAPSHOT:de8345a:579 by WaterfallMC
[04:54:27] [main/WARN]: :>:>:>:>:>:>:>:>:>:>:>:>:>:>:>:>:>:>:>:>:>:>:>
[04:54:27] [main/WARN]: :>  
[04:54:27] [main/WARN]: :>      EAGLERCRAFTXBUNGEE WARNING:
[04:54:27] [main/WARN]: :>  
[04:54:27] [main/WARN]: :>  This plugin wasn't tested to be 'working'
[04:54:27] [main/WARN]: :>  with ANY version of BungeeCord (and forks)
[04:54:27] [main/WARN]: :>  apart from the versions listed below:
[04:54:27] [main/WARN]: :>  
[04:54:27] [main/WARN]: :>  - BungeeCord: 1.21-R0.1-SNAPSHOT:2593130:1878
[04:54:27] [main/WARN]: :>  - Waterfall: 1.21-R0.1-SNAPSHOT:de8345a:579
[04:54:27] [main/WARN]: :>  
[04:54:27] [main/WARN]: :>  This is not a Bukkit/Spigot plugin!
[04:54:27] [main/WARN]: :>  
[04:54:27] [main/WARN]: :>  Use "-Deaglerxbungee.stfu=true" to hide
[04:54:27] [main/WARN]: :>  
[04:54:27] [main/WARN]: :>:>:>:>:>:>:>:>:>:>:>:>:>:>:>:>:>:>:>:>:>:>:>
[04:54:27] [main/INFO] [EaglercraftXBungee]: Loading vanilla profile: lax1dude
[04:54:29] [Skin Download Thread #1/INFO] [EaglercraftXBungee]: Loaded vanilla profile: lax1dude
[04:54:29] [main/INFO]: Loaded plugin EaglercraftXBungee version 1.3.2 by lax1dude
[04:54:29] [main/WARN]: Forced host server pvp is not defined
[04:54:29] [main/INFO]: Enabled plugin reconnect_yaml version git:reconnect_yaml:1.21-R0.1-SNAPSHOT:de8345a:579 by WaterfallMC
[04:54:29] [main/INFO]: Enabled plugin cmd_find version git:cmd_find:1.21-R0.1-SNAPSHOT:de8345a:579 by WaterfallMC
[04:54:29] [main/INFO]: Enabled plugin cmd_server version git:cmd_server:1.21-R0.1-SNAPSHOT:de8345a:579 by WaterfallMC
[04:54:29] [main/INFO]: Enabled plugin cmd_alert version git:cmd_alert:1.21-R0.1-SNAPSHOT:de8345a:579 by WaterfallMC
[04:54:29] [main/INFO]: Enabled plugin cmd_send version git:cmd_send:1.21-R0.1-SNAPSHOT:de8345a:579 by WaterfallMC
[04:54:29] [main/INFO]: Enabled plugin cmd_list version git:cmd_list:1.21-R0.1-SNAPSHOT:de8345a:579 by WaterfallMC
[04:54:29] [main/ERROR] [EaglercraftXBungee]: Online mode is set to false! Authentication system has been disabled
[04:54:29] [Netty Boss IO Thread #0/INFO] [EaglercraftXBungee]: Eaglercraft is listening on: /0.0.0.0:8081
[04:54:29] [main/INFO] [EaglercraftXBungee]: Connected to database: jdbc:sqlite:eaglercraft_skins_cache.db
[04:54:29] [main/INFO] [EaglercraftXBungee]: Voice chat disabled, add "allow_voice: true" to your listeners to enable
[04:54:29] [main/INFO]: Enabled plugin EaglercraftXBungee version 1.3.2 by lax1dude
[04:54:29] [Netty Boss IO Thread #1/INFO]: Listening on /127.0.0.1:25577
[04:56:19] [Netty Worker IO Thread #0/WARN] [EaglercraftXBungee]: Server icon is not a file: /workspaces/server-test/bungee/server-icon.png
[04:56:22] [Netty Worker IO Thread #1/INFO] [EaglercraftXBungee]: [/[0:0:0:0:0:0:0:1%0]:52406]: Connected via websocket
[04:56:22] [Netty Worker IO Thread #1/INFO] [EaglercraftXBungee]: [/[0:0:0:0:0:0:0:1%0]:52406]: Origin header is https://eaglercraft.com
[04:56:22] [Netty Worker IO Thread #1/INFO] [EaglercraftXBungee]: [/[0:0:0:0:0:0:0:1%0]:52406]: Logged in as 'EpicCraft'
[04:56:22] [Netty Worker IO Thread #1/INFO]: [/[0:0:0:0:0:0:0:1%0]:52406|EpicCraft] -> UpstreamBridge has connected
[04:56:22] [Netty Worker IO Thread #1/INFO]: [EpicCraft|/[0:0:0:0:0:0:0:1%0]:52406] <-> ServerConnector [lobby] has connected
[05:00:34] [Netty Worker IO Thread #1/INFO]: [/[0:0:0:0:0:0:0:1%0]:52406|EpicCraft] -> UpstreamBridge has disconnected
[05:00:34] [Netty Worker IO Thread #1/INFO]: [EpicCraft] disconnected with: Proxy lost connection to server.
[05:00:34] [Netty Worker IO Thread #1/INFO]: [/[0:0:0:0:0:0:0:1%0]:52406|EpicCraft] <-> DownstreamBridge <-> [lobby] has disconnected
[05:04:51] [Shutdown Thread/INFO]: Closing listener [id: 0x6c78d756, L:/127.0.0.1:25577]
[05:04:51] [Shutdown Thread/INFO]: Closing pending connections
[05:04:51] [Shutdown Thread/INFO]: Disconnecting 0 connections
[05:04:52] [Shutdown Thread/INFO]: Disabling plugins
[05:04:52] [Shutdown Thread/INFO] [EaglercraftXBungee]: Eaglercraft listener closed: /0.0.0.0:8081
[05:04:52] [Shutdown Thread/INFO] [EaglercraftXBungee]: Successfully disconnected from database 'jdbc:sqlite:eaglercraft_skins_cache.db'
[05:04:52] [Shutdown Thread/INFO] [EaglercraftXBungee]: Stopping skin cache HTTP client...
[05:04:54] [Shutdown Thread/INFO]: Closing IO threads
[05:04:56] [Shutdown Thread/INFO]: Thank you and goodbye
